--------------------------------------------------------------------
Failed to add relation "VFont -> Node"
Could not find op_from: ComponentKey(VFAgency FB Bold, GENERIC_DATABLOCK)

Trace:

Depth    Type                     Name
-----    ----                     ----
1        Object                   tile_0_5
2        NodeTree                 KIRI_3DGS_Render_GN

--------------------------------------------------------------------
Failed to add relation "VFont -> Node"
Could not find op_from: ComponentKey(VFAgency FB Bold, GENERIC_DATABLOCK)

Trace:

Depth    Type                     Name
-----    ----                     ----
1        Object                   tile_0_5
2        NodeTree                 KIRI_3DGS_Render_GN

--------------------------------------------------------------------
Failed to add relation "VFont -> Node"
Could not find op_from: ComponentKey(VFAgency FB Bold, GENERIC_DATABLOCK)

Trace:

Depth    Type                     Name
-----    ----                     ----
1        Object                   tile_0_5
2        NodeTree                 KIRI_3DGS_Render_GN

--------------------------------------------------------------------
Failed to add relation "VFont -> Node"
Could not find op_from: ComponentKey(VFAgency FB Bold, GENERIC_DATABLOCK)

Trace:

Depth    Type                     Name
-----    ----                     ----
1        Object                   tile_0_5
2        NodeTree                 KIRI_3DGS_Render_GN

--------------------------------------------------------------------
Failed to add relation "VFont -> Node"
Could not find op_from: ComponentKey(VFAgency FB Bold, GENERIC_DATABLOCK)

Trace:

Depth    Type                     Name
-----    ----                     ----
1        Object                   tile_0_5
2        NodeTree                 KIRI_3DGS_Render_GN

--------------------------------------------------------------------
Failed to add relation "VFont -> Node"
Could not find op_from: ComponentKey(VFAgency FB Bold, GENERIC_DATABLOCK)

Trace:

Depth    Type                     Name
-----    ----                     ----
1        Object                   tile_0_5
2        NodeTree                 KIRI_3DGS_Render_GN

--------------------------------------------------------------------
Failed to add relation "VFont -> Node"
Could not find op_from: ComponentKey(VFAgency FB Bold, GENERIC_DATABLOCK)

Trace:

Depth    Type                     Name
-----    ----                     ----
1        Object                   tile_0_5
2        NodeTree                 KIRI_3DGS_Render_GN

--------------------------------------------------------------------
Failed to add relation "VFont -> Node"
Could not find op_from: ComponentKey(VFAgency FB Bold, GENERIC_DATABLOCK)

Trace:

Depth    Type                     Name
-----    ----                     ----
1        Object                   tile_0_5
2        NodeTree                 KIRI_3DGS_Render_GN

--------------------------------------------------------------------
Failed to add relation "VFont -> Node"
Could not find op_from: ComponentKey(VFAgency FB Bold, GENERIC_DATABLOCK)

Trace:

Depth    Type                     Name
-----    ----                     ----
1        Object                   tile_0_5
2        NodeTree                 KIRI_3DGS_Render_GN

--------------------------------------------------------------------
Failed to add relation "VFont -> Node"
Could not find op_from: ComponentKey(VFAgency FB Bold, GENERIC_DATABLOCK)

Trace:

Depth    Type                     Name
-----    ----                     ----
1        Object                   tile_0_5
2        NodeTree                 KIRI_3DGS_Render_GN

--------------------------------------------------------------------
Failed to add relation "VFont -> Node"
Could not find op_from: ComponentKey(VFAgency FB Bold, GENERIC_DATABLOCK)

Trace:

Depth    Type                     Name
-----    ----                     ----
1        Object                   tile_0_5
2        NodeTree                 KIRI_3DGS_Render_GN

